Обработаны входные файлы событий:
Calendar_page_top.csv
Calendar_page_bottom.csv

Обнаружены выходные дни:
2017-01-01
2017-01-07
2017-03-08
2017-04-16
2017-05-01
2017-05-02
2017-05-09
2017-06-04
2017-06-28
2017-08-24
2017-10-14

Количество событий по датам:
   Дата    Верх Низ
2017-01-01 - 1 + 1
2017-01-02 - 0 + 0
2017-01-03 - 0 + 0
2017-01-04 - 1 + 0
2017-01-05 - 0 + 0
2017-01-06 - 1 + 2
2017-01-07 - 0 + 1
2017-01-08 - 0 + 0
2017-01-09 - 1 + 1
2017-01-10 - 0 + 0
2017-01-11 - 0 + 0
2017-01-12 - 0 + 0
2017-01-13 - 0 + 2
2017-01-14 - 1 + 1
2017-01-15 - 0 + 0
2017-01-16 - 0 + 0
2017-01-17 - 0 + 0
2017-01-18 - 0 + 0
2017-01-19 - 0 + 2
2017-01-20 - 0 + 0
2017-01-21 - 1 + 0
2017-01-22 - 0 + 1
2017-01-23 - 0 + 0
2017-01-24 - 0 + 0
2017-01-25 - 1 + 2
2017-01-26 - 0 + 1
2017-01-27 - 1 + 0
2017-01-28 - 0 + 0
